This file contains any messages produced by compilers while
running configure, to aid debugging if configure makes a mistake.

It was created by piqa configure 0.1, which was
generated by GNU Autoconf 2.63.  Invocation command line was

  $ ./configure --prefix=/home/mfallet/bin/piqa/

## --------- ##
## Platform. ##
## --------- ##

hostname = euler
uname -m = x86_64
uname -r = 2.6.32-358.2.1.el6.x86_64
uname -s = Linux
uname -v = #1 SMP Tue Mar 12 14:18:09 CDT 2013

/usr/bin/uname -p = unknown
/bin/uname -X     = unknown

/bin/arch              = x86_64
/usr/bin/arch -k       = unknown
/usr/convex/getsysinfo = unknown
/usr/bin/hostinfo      = unknown
/bin/machine           = unknown
/usr/bin/oslevel       = unknown
/bin/universe          = unknown

PATH: /home/mfallet/cleanfiles/scripts
PATH: /home/mfallet/sst/local/sst-4.1dev/bin
PATH: /home/mfallet/bin/openmpi-1.8.4/bin
PATH: /home/mfallet/cleanfiles/scripts
PATH: /home/mfallet/sst/local/sst-4.1dev/bin
PATH: /home/mfallet/bin/openmpi-1.8.4/bin
PATH: /home/mfallet/cleanfiles/scripts
PATH: /home/mfallet/sst/local/sst-4.1dev/bin
PATH: /home/mfallet/bin/openmpi-1.8.4/bin
PATH: /home/mfallet/cleanfiles/scripts
PATH: /home/mfallet/sst/local/sst-4.1dev/bin
PATH: /home/mfallet/bin/openmpi-1.8.4/bin
PATH: /home/mfallet/cleanfiles/scripts
PATH: /home/mfallet/sst/local/sst-4.1dev/bin
PATH: /home/mfallet/bin/openmpi-1.8.4/bin
PATH: /home/mfallet/cleanfiles/scripts
PATH: /home/mfallet/sst/local/sst-4.1dev/bin
PATH: /home/mfallet/bin/openmpi-1.8.4/bin
PATH: /cm/shared/apps/gcc/4.9.2/bin
PATH: /home/mfallet/cleanfiles/scripts
PATH: /home/mfallet/sst/local/sst-4.1dev/bin
PATH: /home/mfallet/bin/openmpi-1.8.4/bin
PATH: /usr/lib64/qt-3.3/bin
PATH: /usr/local/bin
PATH: /bin
PATH: /usr/bin
PATH: /usr/local/sbin
PATH: /usr/sbin
PATH: /sbin
PATH: /opt/bin
PATH: /sbin
PATH: /usr/sbin
PATH: /cm/shared/apps/slurm/2.3.4/bin
PATH: /cm/shared/apps/slurm/2.3.4/sbin
PATH: /home/mfallet/bin


## ----------- ##
## Core tests. ##
## ----------- ##

configure:1829: checking for a BSD-compatible install
configure:1897: result: /usr/bin/install -c
configure:1908: checking whether build environment is sane
configure:1968: result: yes
configure:2109: checking for a thread-safe mkdir -p
configure:2148: result: /bin/mkdir -p
configure:2161: checking for gawk
configure:2177: found /bin/gawk
configure:2188: result: gawk
configure:2199: checking whether make sets $(MAKE)
configure:2221: result: yes
configure:2351: checking for gcc
configure:2367: found /cm/shared/apps/gcc/4.9.2/bin/gcc
configure:2378: result: gcc
configure:2610: checking for C compiler version
configure:2618: gcc --version >&5
gcc (GCC) 4.9.2
Copyright (C) 2014 Free Software Foundation, Inc.
This is free software; see the source for copying conditions.  There is NO
warranty; not even for MERCHANTABILITY or FITNESS FOR A PARTICULAR PURPOSE.

configure:2622: $? = 0
configure:2629: gcc -v >&5
Using built-in specs.
COLLECT_GCC=gcc
COLLECT_LTO_WRAPPER=/cm/shared/apps/gcc/4.9.2/libexec/gcc/x86_64-unknown-linux-gnu/4.9.2/lto-wrapper
Target: x86_64-unknown-linux-gnu
Configured with: ./configure --prefix=/cm/shared/apps/gcc/4.9.2/
Thread model: posix
gcc version 4.9.2 (GCC) 
configure:2633: $? = 0
configure:2640: gcc -V >&5
gcc: error: unrecognized command line option '-V'
gcc: fatal error: no input files
compilation terminated.
configure:2644: $? = 1
configure:2667: checking for C compiler default output file name
configure:2689: gcc    conftest.c  >&5
configure:2693: $? = 0
configure:2731: result: a.out
configure:2750: checking whether the C compiler works
configure:2760: ./a.out
configure:2764: $? = 0
configure:2783: result: yes
configure:2790: checking whether we are cross compiling
configure:2792: result: no
configure:2795: checking for suffix of executables
configure:2802: gcc -o conftest    conftest.c  >&5
configure:2806: $? = 0
configure:2832: result: 
configure:2838: checking for suffix of object files
configure:2864: gcc -c   conftest.c >&5
configure:2868: $? = 0
configure:2893: result: o
configure:2897: checking whether we are using the GNU C compiler
configure:2926: gcc -c   conftest.c >&5
configure:2933: $? = 0
configure:2950: result: yes
configure:2959: checking whether gcc accepts -g
configure:2989: gcc -c -g  conftest.c >&5
configure:2996: $? = 0
configure:3097: result: yes
configure:3114: checking for gcc option to accept ISO C89
configure:3188: gcc  -c -g -O2  conftest.c >&5
configure:3195: $? = 0
configure:3218: result: none needed
configure:3247: checking for style of include used by make
configure:3275: result: GNU
configure:3300: checking dependency style of gcc
configure:3410: result: gcc3
configure:3587: creating ./config.status

## ---------------------- ##
## Running config.status. ##
## ---------------------- ##

This file was extended by piqa config.status 0.1, which was
generated by GNU Autoconf 2.63.  Invocation command line was

  CONFIG_FILES    = 
  CONFIG_HEADERS  = 
  CONFIG_LINKS    = 
  CONFIG_COMMANDS = 
  $ ./config.status 

on euler

config.status:689: creating Makefile
config.status:900: executing depfiles commands

## ---------------- ##
## Cache variables. ##
## ---------------- ##

ac_cv_c_compiler_gnu=yes
ac_cv_env_CC_set=
ac_cv_env_CC_value=
ac_cv_env_CFLAGS_set=
ac_cv_env_CFLAGS_value=
ac_cv_env_CPPFLAGS_set=
ac_cv_env_CPPFLAGS_value=
ac_cv_env_LDFLAGS_set=
ac_cv_env_LDFLAGS_value=
ac_cv_env_LIBS_set=
ac_cv_env_LIBS_value=
ac_cv_env_build_alias_set=
ac_cv_env_build_alias_value=
ac_cv_env_host_alias_set=
ac_cv_env_host_alias_value=
ac_cv_env_target_alias_set=
ac_cv_env_target_alias_value=
ac_cv_objext=o
ac_cv_path_install='/usr/bin/install -c'
ac_cv_path_mkdir=/bin/mkdir
ac_cv_prog_AWK=gawk
ac_cv_prog_ac_ct_CC=gcc
ac_cv_prog_cc_c89=
ac_cv_prog_cc_g=yes
ac_cv_prog_make_make_set=yes
am_cv_CC_dependencies_compiler_type=gcc3

## ----------------- ##
## Output variables. ##
## ----------------- ##

ACLOCAL='${SHELL} /home/mfallet/src/piqa/missing --run aclocal-1.11'
AMDEPBACKSLASH='\'
AMDEP_FALSE='#'
AMDEP_TRUE=''
AMTAR='${SHELL} /home/mfallet/src/piqa/missing --run tar'
AUTOCONF='${SHELL} /home/mfallet/src/piqa/missing --run autoconf'
AUTOHEADER='${SHELL} /home/mfallet/src/piqa/missing --run autoheader'
AUTOMAKE='${SHELL} /home/mfallet/src/piqa/missing --run automake-1.11'
AWK='gawk'
CC='gcc'
CCDEPMODE='depmode=gcc3'
CFLAGS='-g -O2'
CPPFLAGS=''
CYGPATH_W='echo'
DEFS='-DPACKAGE_NAME=\"piqa\" -DPACKAGE_TARNAME=\"piqa\" -DPACKAGE_VERSION=\"0.1\" -DPACKAGE_STRING=\"piqa\ 0.1\" -DPACKAGE_BUGREPORT=\"blu\" -DPACKAGE=\"piqa\" -DVERSION=\"0.1\"'
DEPDIR='.deps'
ECHO_C=''
ECHO_N='-n'
ECHO_T=''
EXEEXT=''
INSTALL_DATA='${INSTALL} -m 644'
INSTALL_PROGRAM='${INSTALL}'
INSTALL_SCRIPT='${INSTALL}'
INSTALL_STRIP_PROGRAM='$(install_sh) -c -s'
LDFLAGS=''
LIBOBJS=''
LIBS=''
LTLIBOBJS=''
MAKEINFO='${SHELL} /home/mfallet/src/piqa/missing --run makeinfo'
MKDIR_P='/bin/mkdir -p'
OBJEXT='o'
PACKAGE='piqa'
PACKAGE_BUGREPORT='blu'
PACKAGE_NAME='piqa'
PACKAGE_STRING='piqa 0.1'
PACKAGE_TARNAME='piqa'
PACKAGE_VERSION='0.1'
PATH_SEPARATOR=':'
SET_MAKE=''
SHELL='/bin/sh'
STRIP=''
VERSION='0.1'
ac_ct_CC='gcc'
am__EXEEXT_FALSE=''
am__EXEEXT_TRUE='#'
am__fastdepCC_FALSE='#'
am__fastdepCC_TRUE=''
am__include='include'
am__isrc=''
am__leading_dot='.'
am__quote=''
am__tar='${AMTAR} chof - "$$tardir"'
am__untar='${AMTAR} xf -'
bindir='${exec_prefix}/bin'
build_alias=''
datadir='${datarootdir}'
datarootdir='${prefix}/share'
docdir='${datarootdir}/doc/${PACKAGE_TARNAME}'
dvidir='${docdir}'
exec_prefix='${prefix}'
host_alias=''
htmldir='${docdir}'
includedir='${prefix}/include'
infodir='${datarootdir}/info'
install_sh='${SHELL} /home/mfallet/src/piqa/install-sh'
libdir='${exec_prefix}/lib'
libexecdir='${exec_prefix}/libexec'
localedir='${datarootdir}/locale'
localstatedir='${prefix}/var'
mandir='${datarootdir}/man'
mkdir_p='/bin/mkdir -p'
oldincludedir='/usr/include'
pdfdir='${docdir}'
prefix='/home/mfallet/bin/piqa'
program_transform_name='s,x,x,'
psdir='${docdir}'
sbindir='${exec_prefix}/sbin'
sharedstatedir='${prefix}/com'
sysconfdir='${prefix}/etc'
target_alias=''

## ----------- ##
## confdefs.h. ##
## ----------- ##

#define PACKAGE_NAME "piqa"
#define PACKAGE_TARNAME "piqa"
#define PACKAGE_VERSION "0.1"
#define PACKAGE_STRING "piqa 0.1"
#define PACKAGE_BUGREPORT "blu"
#define PACKAGE "piqa"
#define VERSION "0.1"

configure: exit 0
